#
# There is insufficient memory for the Java Runtime Environment to continue.
# Native memory allocation (malloc) failed to allocate 2046016 bytes for Chunk::new
# Possible reasons:
#   The system is out of physical RAM or swap space
#   The process is running with CompressedOops enabled, and the Java Heap may be blocking the growth of the native heap
# Possible solutions:
#   Reduce memory load on the system
#   Increase physical memory or swap space
#   Check if swap backing store is full
#   Decrease Java heap size (-Xmx/-Xms)
#   Decrease number of Java threads
#   Decrease Java thread stack sizes (-Xss)
#   Set larger code cache with -XX:ReservedCodeCacheSize=
#   JVM is running with Unscaled Compressed Oops mode in which the Java heap is
#     placed in the first 4GB address space. The Java Heap base address is the
#     maximum limit for the native heap growth. Please use -XX:HeapBaseMinAddress
#     to set the Java Heap base and to place the Java Heap above 4GB virtual address.
# This output file may be truncated or incomplete.
#
#  Out of Memory Error (allocation.cpp:389), pid=14392, tid=0x0000000000001e98
#
# JRE version: OpenJDK Runtime Environment (8.0_202-b03) (build 1.8.0_202-release-1483-b03)
# Java VM: OpenJDK 64-Bit Server VM (25.202-b03 mixed mode windows-amd64 compressed oops)
# Failed to write core dump. Minidumps are not enabled by default on client versions of Windows
#

---------------  T H R E A D  ---------------

Current thread (0x0000000016301000):  JavaThread "C2 CompilerThread2" daemon [_thread_in_native, id=7832, stack(0x0000000018190000,0x0000000018290000)]

Stack: [0x0000000018190000,0x0000000018290000]
[error occurred during error reporting (printing stack bounds), id 0xc0000005]

Native frames: (J=compiled Java code, j=interpreted, Vv=VM code, C=native code)


Current CompileTask:
C2:11054577 29913 %     4       com.android.tools.r8.ir.regalloc.LinearScanRegisterAllocator::a @ 2036 (3743 bytes)


---------------  P R O C E S S  ---------------

Java Threads: ( => current thread )
  0x0000000023f6b800 JavaThread "ForkJoinPool-10-worker-0" daemon [_thread_blocked, id=2192, stack(0x0000000044f80000,0x0000000045080000)]
  0x0000000023f6e800 JavaThread "ForkJoinPool-10-worker-7" daemon [_thread_blocked, id=12968, stack(0x0000000044e80000,0x0000000044f80000)]
  0x0000000023f67000 JavaThread "ForkJoinPool-10-worker-14" daemon [_thread_blocked, id=9476, stack(0x0000000044d80000,0x0000000044e80000)]
  0x0000000023f6a000 JavaThread "ForkJoinPool-10-worker-5" daemon [_thread_blocked, id=5164, stack(0x0000000044c80000,0x0000000044d80000)]
  0x00000000192d6000 JavaThread "ForkJoinPool-10-worker-12" daemon [_thread_blocked, id=12472, stack(0x0000000044b80000,0x0000000044c80000)]
  0x00000000192d9800 JavaThread "ForkJoinPool-10-worker-3" daemon [_thread_blocked, id=12240, stack(0x0000000044a80000,0x0000000044b80000)]
  0x00000000192d5000 JavaThread "ForkJoinPool-10-worker-10" daemon [_thread_blocked, id=5988, stack(0x0000000044980000,0x0000000044a80000)]
  0x00000000192d7800 JavaThread "ForkJoinPool-10-worker-1" daemon [_thread_blocked, id=3576, stack(0x0000000044880000,0x0000000044980000)]
  0x00000000192cd800 JavaThread "ForkJoinPool-10-worker-8" daemon [_thread_blocked, id=4060, stack(0x0000000044780000,0x0000000044880000)]
  0x00000000192d4800 JavaThread "ForkJoinPool-10-worker-15" daemon [_thread_blocked, id=15328, stack(0x0000000044680000,0x0000000044780000)]
  0x00000000192cd000 JavaThread "ForkJoinPool-10-worker-6" daemon [_thread_blocked, id=9372, stack(0x0000000044580000,0x0000000044680000)]
  0x00000000192d3000 JavaThread "ForkJoinPool-10-worker-13" daemon [_thread_blocked, id=3564, stack(0x0000000044480000,0x0000000044580000)]
  0x00000000192cb000 JavaThread "ForkJoinPool-10-worker-4" daemon [_thread_blocked, id=3012, stack(0x0000000044380000,0x0000000044480000)]
  0x00000000192d2000 JavaThread "ForkJoinPool-10-worker-11" daemon [_thread_blocked, id=7316, stack(0x0000000044280000,0x0000000044380000)]
  0x00000000192ca800 JavaThread "ForkJoinPool-10-worker-2" daemon [_thread_blocked, id=12036, stack(0x0000000044180000,0x0000000044280000)]
  0x00000000192d1800 JavaThread "ForkJoinPool-10-worker-9" daemon [_thread_blocked, id=7804, stack(0x0000000044080000,0x0000000044180000)]
  0x00000000192cf000 JavaThread "WorkerExecutor Queue Thread 19" [_thread_blocked, id=1992, stack(0x0000000043f80000,0x0000000044080000)]
  0x0000000023f71800 JavaThread "WorkerExecutor Queue Thread 17" [_thread_blocked, id=14116, stack(0x0000000042d80000,0x0000000042e80000)]
  0x0000000023f68800 JavaThread "WorkerExecutor Queue Thread 11" [_thread_blocked, id=15072, stack(0x0000000042780000,0x0000000042880000)]
  0x00000000201bf800 JavaThread "Cache worker for Java compile cache (G:\Users\Volks\Desktop\Android2\NewAndroid\QuoteAppMvvm\.gradle\5.4.1\javaCompile)" [_thread_blocked, id=8368, stack(0x0000000041f80000,0x0000000042080000)]
  0x00000000201be800 JavaThread "Cache worker for Java compile cache (C:\Users\RYZEN\.gradle\caches\5.4.1\javaCompile)" [_thread_blocked, id=14504, stack(0x0000000041e80000,0x0000000041f80000)]
  0x00000000201bd000 JavaThread "RMI TCP Connection(12)-127.0.0.1" daemon [_thread_in_native, id=11504, stack(0x0000000041c80000,0x0000000041d80000)]
  0x00000000201bb800 JavaThread "RMI TCP Connection(idle)" daemon [_thread_blocked, id=11708, stack(0x0000000041a80000,0x0000000041b80000)]
  0x00000000201bb000 JavaThread "RMI TCP Connection(10)-127.0.0.1" daemon [_thread_in_native, id=13656, stack(0x0000000041980000,0x0000000041a80000)]
  0x00000000201c1800 JavaThread "RMI TCP Connection(13)-127.0.0.1" daemon [_thread_in_native, id=6424, stack(0x0000000041880000,0x0000000041980000)]
  0x00000000201bc800 JavaThread "RMI TCP Connection(idle)" daemon [_thread_blocked, id=11928, stack(0x0000000041680000,0x0000000041780000)]
  0x00000000201c0000 JavaThread "WorkerExecutor Queue Thread 2" [_thread_in_Java, id=15092, stack(0x0000000041480000,0x0000000041580000)]
  0x000000002a6a2000 JavaThread "stdout" [_thread_in_native, id=7348, stack(0x0000000041380000,0x0000000041480000)]
  0x000000002a6a0800 JavaThread "stderr" [_thread_in_native, id=8, stack(0x0000000041280000,0x0000000041380000)]
  0x000000002a69f800 JavaThread "pool-13-thread-1" [_thread_blocked, id=10252, stack(0x0000000041180000,0x0000000041280000)]
  0x000000002a698000 JavaThread "Cache worker for execution history cache (G:\Users\Volks\Desktop\Android2\NewAndroid\QuoteAppMvvm\.gradle\5.4.1\executionHistory)" [_thread_blocked, id=4900, stack(0x0000000040f80000,0x0000000041080000)]
  0x000000002a69f000 JavaThread "Execution worker for ':' Thread 15" [_thread_blocked, id=9300, stack(0x0000000040e80000,0x0000000040f80000)]
  0x000000002a69e000 JavaThread "Execution worker for ':' Thread 14" [_thread_blocked, id=11236, stack(0x0000000040d80000,0x0000000040e80000)]
  0x000000002a696800 JavaThread "Execution worker for ':' Thread 13" [_thread_blocked, id=9428, stack(0x0000000040c80000,0x0000000040d80000)]
  0x000000002a69d800 JavaThread "Execution worker for ':' Thread 12" [_thread_blocked, id=2496, stack(0x0000000040b80000,0x0000000040c80000)]
  0x000000002a69c800 JavaThread "Execution worker for ':' Thread 11" [_thread_blocked, id=3096, stack(0x0000000040a80000,0x0000000040b80000)]
  0x000000002a695000 JavaThread "Execution worker for ':' Thread 10" [_thread_blocked, id=14824, stack(0x0000000040980000,0x0000000040a80000)]
  0x000000002a69c000 JavaThread "Execution worker for ':' Thread 9" [_thread_blocked, id=14684, stack(0x0000000040880000,0x0000000040980000)]
  0x000000002a697800 JavaThread "Execution worker for ':' Thread 8" [_thread_blocked, id=8272, stack(0x0000000040780000,0x0000000040880000)]
  0x000000002a696000 JavaThread "Execution worker for ':' Thread 7" [_thread_blocked, id=14400, stack(0x0000000040680000,0x0000000040780000)]
  0x000000002a69b000 JavaThread "Execution worker for ':' Thread 6" [_thread_blocked, id=14636, stack(0x0000000040580000,0x0000000040680000)]
  0x000000002a699800 JavaThread "Execution worker for ':' Thread 5" [_thread_blocked, id=11748, stack(0x0000000040480000,0x0000000040580000)]
  0x000000002a699000 JavaThread "Execution worker for ':' Thread 4" [_thread_blocked, id=7048, stack(0x0000000040380000,0x0000000040480000)]
  0x00000000239bd000 JavaThread "Execution worker for ':' Thread 3" [_thread_blocked, id=1132, stack(0x0000000040280000,0x0000000040380000)]
  0x00000000239bf000 JavaThread "Execution worker for ':' Thread 2" [_thread_blocked, id=9536, stack(0x0000000040180000,0x0000000040280000)]
  0x00000000239b8800 JavaThread "Execution worker for ':'" [_thread_blocked, id=6580, stack(0x0000000040080000,0x0000000040180000)]
  0x00000000239bc000 JavaThread "Cache worker for file content cache (G:\Users\Volks\Desktop\Android2\NewAndroid\QuoteAppMvvm\.gradle\5.4.1\fileContent)" [_thread_blocked, id=5016, stack(0x000000003ff80000,0x0000000040080000)]
  0x00000000239b9000 JavaThread "Cache worker for Build Output Cleanup Cache (G:\Users\Volks\Desktop\Android2\NewAndroid\QuoteAppMvvm\.gradle\buildOutputCleanup)" [_thread_blocked, id=10208, stack(0x000000003fe80000,0x000000003ff80000)]
  0x00000000239bd800 JavaThread "pool-12-thread-1" [_thread_blocked, id=5900, stack(0x000000003fd80000,0x000000003fe80000)]
  0x00000000239ba000 JavaThread "Build operations Thread 16" [_thread_blocked, id=9368, stack(0x000000003fc80000,0x000000003fd80000)]
  0x00000000239bb800 JavaThread "Build operations Thread 15" [_thread_blocked, id=8516, stack(0x000000003fb80000,0x000000003fc80000)]
  0x00000000239ba800 JavaThread "Build operations Thread 14" [_thread_blocked, id=12360, stack(0x000000003fa80000,0x000000003fb80000)]
  0x00000000239b1000 JavaThread "Build operations Thread 13" [_thread_blocked, id=7452, stack(0x000000003f980000,0x000000003fa80000)]
  0x00000000239b1800 JavaThread "Build operations Thread 12" [_thread_blocked, id=1236, stack(0x000000003f880000,0x000000003f980000)]
  0x00000000239b7800 JavaThread "Build operations Thread 11" [_thread_blocked, id=10580, stack(0x000000003f780000,0x000000003f880000)]
  0x00000000239b4800 JavaThread "Build operations Thread 10" [_thread_blocked, id=14812, stack(0x000000003f680000,0x000000003f780000)]
  0x00000000239b0000 JavaThread "Build operations Thread 9" [_thread_blocked, id=11872, stack(0x000000003f580000,0x000000003f680000)]
  0x00000000239b7000 JavaThread "Build operations Thread 8" [_thread_blocked, id=14640, stack(0x000000003f480000,0x000000003f580000)]
  0x00000000239b4000 JavaThread "Build operations Thread 7" [_thread_blocked, id=4080, stack(0x000000003f380000,0x000000003f480000)]
  0x00000000239b3000 JavaThread "Build operations Thread 6" [_thread_blocked, id=12232, stack(0x000000003f280000,0x000000003f380000)]
  0x000000001e45f000 JavaThread "Build operations Thread 5" [_thread_blocked, id=10176, stack(0x000000003f180000,0x000000003f280000)]
  0x000000001e460000 JavaThread "Build operations Thread 4" [_thread_blocked, id=6704, stack(0x000000003f080000,0x000000003f180000)]
  0x000000001e461800 JavaThread "Build operations Thread 3" [_thread_blocked, id=12880, stack(0x000000003ef80000,0x000000003f080000)]
  0x000000001e45d800 JavaThread "Build operations Thread 2" [_thread_blocked, id=8600, stack(0x000000003ee80000,0x000000003ef80000)]
  0x000000001e45e800 JavaThread "Build operations" [_thread_blocked, id=12604, stack(0x000000003ed80000,0x000000003ee80000)]
  0x000000001e45c000 JavaThread "Cache worker for cache directory md-rule (C:\Users\RYZEN\.gradle\caches\5.4.1\md-rule)" [_thread_blocked, id=9920, stack(0x000000003ec80000,0x000000003ed80000)]
  0x000000001e45d000 JavaThread "Cache worker for cache directory md-supplier (C:\Users\RYZEN\.gradle\caches\5.4.1\md-supplier)" [_thread_blocked, id=7544, stack(0x000000003eb80000,0x000000003ec80000)]
  0x000000001e460800 JavaThread "Cache worker for file hash cache (G:\Users\Volks\Desktop\Android2\NewAndroid\QuoteAppMvvm\.gradle\5.4.1\fileHashes)" [_thread_blocked, id=6524, stack(0x000000003ea80000,0x000000003eb80000)]
  0x000000001e45a800 JavaThread "Thread-307" [_thread_blocked, id=13180, stack(0x000000003e980000,0x000000003ea80000)]
  0x000000001e45b800 JavaThread "Stdin handler" [_thread_blocked, id=12824, stack(0x000000003e880000,0x000000003e980000)]
  0x000000001e453800 JavaThread "Asynchronous log dispatcher for DefaultDaemonConnection: socket connection from /127.0.0.1:51960 to /127.0.0.1:53450" [_thread_blocked, id=6040, stack(0x000000003e780000,0x000000003e880000)]
  0x000000001e45a000 JavaThread "Daemon worker Thread 5" [_thread_blocked, id=5628, stack(0x000000003e680000,0x000000003e780000)]
  0x000000001e452000 JavaThread "Cancel handler" [_thread_blocked, id=2132, stack(0x000000003e580000,0x000000003e680000)]
  0x000000001e455000 JavaThread "Handler for socket connection from /127.0.0.1:51960 to /127.0.0.1:53450" [_thread_in_native, id=2856, stack(0x000000003e480000,0x000000003e580000)]
  0x000000001e457800 JavaThread "Daemon Thread 5" [_thread_blocked, id=12900, stack(0x000000003e380000,0x000000003e480000)]
  0x000000001e453000 JavaThread "RMI Reaper" [_thread_blocked, id=14040, stack(0x000000003d780000,0x000000003d880000)]
  0x000000001e454800 JavaThread "RMI TCP Accept-0" daemon [_thread_in_native, id=10564, stack(0x000000003d680000,0x000000003d780000)]
  0x000000002a6a3800 JavaThread "GC Daemon" daemon [_thread_blocked, id=2904, stack(0x000000003d580000,0x000000003d680000)]
  0x000000002a6a2800 JavaThread "RMI RenewClean-[127.0.0.1:17897,org.jetbrains.kotlin.daemon.common.LoopbackNetworkInterface$ClientLoopbackSocketFactory@6b3e9e0c]" daemon [_thread_blocked, id=14940, stack(0x000000003d480000,0x000000003d580000)]
  0x000000002a69a800 JavaThread "RMI Scheduler(0)" daemon [_thread_blocked, id=13068, stack(0x000000003d380000,0x000000003d480000)]
  0x00000000239b6000 JavaThread "MarlinRenderer Disposer" daemon [_thread_blocked, id=9160, stack(0x000000003b180000,0x000000003b280000)]
  0x00000000239b5800 JavaThread "Java2D Disposer" daemon [_thread_blocked, id=2868, stack(0x000000003ae80000,0x000000003af80000)]
  0x00000000192d9000 JavaThread "Cache worker for file content cache (C:\Users\RYZEN\.gradle\caches\5.4.1\fileContent)" [_thread_blocked, id=11788, stack(0x0000000038d80000,0x0000000038e80000)]
  0x000000001edce000 JavaThread "Memory manager" [_thread_blocked, id=9132, stack(0x00000000234d0000,0x00000000235d0000)]
  0x00000000192d3800 JavaThread "Cache worker for execution history cache (C:\Users\RYZEN\.gradle\caches\5.4.1\executionHistory)" [_thread_blocked, id=10916, stack(0x0000000020e70000,0x0000000020f70000)]
  0x000000001634b800 JavaThread "Cache worker for journal cache (C:\Users\RYZEN\.gradle\caches\journal-1)" [_thread_blocked, id=8608, stack(0x000000001caa0000,0x000000001cba0000)]
  0x0000000016348800 JavaThread "File lock request listener" [_thread_in_native, id=8648, stack(0x000000001c9a0000,0x000000001caa0000)]
  0x000000001977d800 JavaThread "Cache worker for file hash cache (C:\Users\RYZEN\.gradle\caches\5.4.1\fileHashes)" [_thread_blocked, id=11148, stack(0x000000001c8a0000,0x000000001c9a0000)]
  0x000000001a86c000 JavaThread "Daemon periodic checks" [_thread_blocked, id=10448, stack(0x000000001bea0000,0x000000001bfa0000)]
  0x000000001a86a000 JavaThread "Incoming local TCP Connector on port 51960" [_thread_in_native, id=3516, stack(0x000000001bc60000,0x000000001bd60000)]
  0x000000001a435000 JavaThread "Daemon health stats" [_thread_blocked, id=896, stack(0x0000000018d90000,0x0000000018e90000)]
  0x00000000163d5000 JavaThread "Service Thread" daemon [_thread_blocked, id=13280, stack(0x0000000018b90000,0x0000000018c90000)]
  0x0000000016347800 JavaThread "C1 CompilerThread11" daemon [_thread_blocked, id=14700, stack(0x0000000018a90000,0x0000000018b90000)]
  0x0000000016347000 JavaThread "C1 CompilerThread10" daemon [_thread_blocked, id=6652, stack(0x0000000018990000,0x0000000018a90000)]
  0x0000000016346000 JavaThread "C1 CompilerThread9" daemon [_thread_blocked, id=13192, stack(0x0000000018890000,0x0000000018990000)]
  0x0000000016345800 JavaThread "C1 CompilerThread8" daemon [_thread_blocked, id=14016, stack(0x0000000018790000,0x0000000018890000)]
  0x0000000016349000 JavaThread "C2 CompilerThread7" daemon [_thread_in_native, id=1640, stack(0x0000000018690000,0x0000000018790000)]
  0x000000001634a000 JavaThread "C2 CompilerThread6" daemon [_thread_in_native, id=6456, stack(0x0000000018590000,0x0000000018690000)]
  0x000000001634c000 JavaThread "C2 CompilerThread5" daemon [_thread_in_native, id=7028, stack(0x0000000018490000,0x0000000018590000)]
  0x0000000016324800 JavaThread "C2 CompilerThread4" daemon [_thread_in_native, id=8760, stack(0x0000000018390000,0x0000000018490000)]
  0x0000000016304000 JavaThread "C2 CompilerThread3" daemon [_thread_in_native, id=15012, stack(0x0000000018290000,0x0000000018390000)]
=>0x0000000016301000 JavaThread "C2 CompilerThread2" daemon [_thread_in_native, id=7832, stack(0x0000000018190000,0x0000000018290000)]
  0x00000000162ff800 JavaThread "C2 CompilerThread1" daemon [_thread_in_vm, id=12660, stack(0x0000000018090000,0x0000000018190000)]
  0x00000000162f9000 JavaThread "C2 CompilerThread0" daemon [_thread_in_native, id=6728, stack(0x0000000017f90000,0x0000000018090000)]
  0x00000000162f7800 JavaThread "Attach Listener" daemon [_thread_blocked, id=6644, stack(0x0000000017e90000,0x0000000017f90000)]
  0x000000001487e000 JavaThread "Signal Dispatcher" daemon [_thread_blocked, id=9260, stack(0x0000000017d90000,0x0000000017e90000)]
  0x0000000014872800 JavaThread "Finalizer" daemon [_thread_blocked, id=7532, stack(0x0000000017b70000,0x0000000017c70000)]
  0x00000000162e6000 JavaThread "Reference Handler" daemon [_thread_blocked, id=9052, stack(0x0000000017a70000,0x0000000017b70000)]
  0x00000000029fd800 JavaThread "main" [_thread_blocked, id=15300, stack(0x00000000028b0000,0x00000000029b0000)]

Other Threads:
  0x00000000162c2000 VMThread [stack: 0x0000000017970000,0x0000000017a70000] [id=2220]
  0x00000000163d7800 WatcherThread [stack: 0x0000000018c90000,0x0000000018d90000] [id=12408]

VM state:not at safepoint (normal execution)

VM Mutex/Monitor currently owned by a thread: None

heap address: 0x00000000e0000000, size: 512 MB, Compressed Oops mode: 32-bit
Narrow klass base: 0x0000000000000000, Narrow klass shift: 3
Compressed class space size: 1073741824 Address: 0x0000000100000000

Heap:
 PSYoungGen      total 116736K, used 45392K [0x00000000f5580000, 0x0000000100000000, 0x0000000100000000)
  eden space 58880K, 38% used [0x00000000f5580000,0x00000000f6baafe0,0x00000000f8f00000)
  from space 57856K, 39% used [0x00000000f8f00000,0x00000000fa529398,0x00000000fc780000)
  to   space 57856K, 0% used [0x00000000fc780000,0x00000000fc780000,0x0000000100000000)
 ParOldGen       total 337408K, used 219148K [0x00000000e0000000, 0x00000000f4980000, 0x00000000f5580000)
  object space 337408K, 64% used [0x00000000e0000000,0x00000000ed603178,0x00000000f4980000)
 Metaspace       used 134257K, capacity 140572K, committed 141076K, reserved 1171456K
  class space    used 16846K, capacity 17964K, committed 18236K, reserved 1048576K

Card table byte_map: [0x0000000011ec0000,0x0000000011fd0000] byte_map_base: 0x00000000117c0000

Marking Bits: (ParMarkBitMap*) 0x0000000060469f30
 Begin Bits: [0x0000000012d80000, 0x0000000013580000)
 End Bits:   [0x0000000013580000, 0x0000000013d80000)

Polling page: 0x0000000000ea0000

CodeCache: size=245760Kb used=88975Kb max_used=89004Kb free=156784Kb
 bounds [0x0000000002b00000, 0x00000000083b0000, 0x0000000011b00000]
 total_blobs=24648 nmethods=23580 adapters=977
 compilation: enabled

Compilation events (10 events):
Event: 11054.555 Thread 0x0000000016345800 30436       3       com.android.tools.r8.code.ConstClass::a (11 bytes)
Event: 11054.555 Thread 0x0000000016345800 nmethod 30436 0x00000000076dd210 code [0x00000000076dd380, 0x00000000076dd5a8]
Event: 11054.561 Thread 0x0000000016347800 30437       3       com.android.tools.r8.code.E::a (1 bytes)
Event: 11054.561 Thread 0x0000000016347800 nmethod 30437 0x00000000076dced0 code [0x00000000076dd020, 0x00000000076dd170]
Event: 11054.562 Thread 0x0000000016347800 30440       3       com.android.tools.r8.graph.DexValue$f::a (14 bytes)
Event: 11054.563 Thread 0x0000000016347800 nmethod 30440 0x000000000702a750 code [0x000000000702a900, 0x000000000702aec8]
Event: 11054.570 Thread 0x0000000016346000 30441       3       com.android.tools.r8.code.ConstWide16::a (1 bytes)
Event: 11054.571 Thread 0x0000000016346000 nmethod 30441 0x00000000076dcb90 code [0x00000000076dcce0, 0x00000000076dce30]
Event: 11054.571 Thread 0x0000000016347000 30442       1       com.android.tools.r8.code.Throw::a (1 bytes)
Event: 11054.572 Thread 0x0000000016347000 nmethod 30442 0x000000000702a490 code [0x000000000702a5e0, 0x000000000702a6f0]

GC Heap History (10 events):
Event: 11052.563 GC heap before
{Heap before GC invocations=68 (full 5):
 PSYoungGen      total 130560K, used 94568K [0x00000000f5580000, 0x00000000ffd00000, 0x0000000100000000)
  eden space 92672K, 100% used [0x00000000f5580000,0x00000000fb000000,0x00000000fb000000)
  from space 37888K, 5% used [0x00000000fd800000,0x00000000fd9da2f0,0x00000000ffd00000)
  to   space 39424K, 0% used [0x00000000fb000000,0x00000000fb000000,0x00000000fd680000)
 ParOldGen       total 337408K, used 136903K [0x00000000e0000000, 0x00000000f4980000, 0x00000000f5580000)
  object space 337408K, 40% used [0x00000000e0000000,0x00000000e85b1fe8,0x00000000f4980000)
 Metaspace       used 134076K, capacity 140364K, committed 140820K, reserved 1171456K
  class space    used 16842K, capacity 17964K, committed 18236K, reserved 1048576K
Event: 11052.569 GC heap after
Heap after GC invocations=68 (full 5):
 PSYoungGen      total 132096K, used 2336K [0x00000000f5580000, 0x00000000ffe80000, 0x0000000100000000)
  eden space 92672K, 0% used [0x00000000f5580000,0x00000000f5580000,0x00000000fb000000)
  from space 39424K, 5% used [0x00000000fb000000,0x00000000fb248000,0x00000000fd680000)
  to   space 37888K, 0% used [0x00000000fd980000,0x00000000fd980000,0x00000000ffe80000)
 ParOldGen       total 337408K, used 138595K [0x00000000e0000000, 0x00000000f4980000, 0x00000000f5580000)
  object space 337408K, 41% used [0x00000000e0000000,0x00000000e8758d40,0x00000000f4980000)
 Metaspace       used 134076K, capacity 140364K, committed 140820K, reserved 1171456K
  class space    used 16842K, capacity 17964K, committed 18236K, reserved 1048576K
}
Event: 11052.957 GC heap before
{Heap before GC invocations=69 (full 5):
 PSYoungGen      total 132096K, used 95008K [0x00000000f5580000, 0x00000000ffe80000, 0x0000000100000000)
  eden space 92672K, 100% used [0x00000000f5580000,0x00000000fb000000,0x00000000fb000000)
  from space 39424K, 5% used [0x00000000fb000000,0x00000000fb248000,0x00000000fd680000)
  to   space 37888K, 0% used [0x00000000fd980000,0x00000000fd980000,0x00000000ffe80000)
 ParOldGen       total 337408K, used 138595K [0x00000000e0000000, 0x00000000f4980000, 0x00000000f5580000)
  object space 337408K, 41% used [0x00000000e0000000,0x00000000e8758d40,0x00000000f4980000)
 Metaspace       used 134093K, capacity 140428K, committed 140820K, reserved 1171456K
  class space    used 16843K, capacity 17964K, committed 18236K, reserved 1048576K
Event: 11052.964 GC heap after
Heap after GC invocations=69 (full 5):
 PSYoungGen      total 133120K, used 1696K [0x00000000f5580000, 0x00000000ffc80000, 0x0000000100000000)
  eden space 97280K, 0% used [0x00000000f5580000,0x00000000f5580000,0x00000000fb480000)
  from space 35840K, 4% used [0x00000000fd980000,0x00000000fdb28000,0x00000000ffc80000)
  to   space 36864K, 0% used [0x00000000fb480000,0x00000000fb480000,0x00000000fd880000)
 ParOldGen       total 337408K, used 140747K [0x00000000e0000000, 0x00000000f4980000, 0x00000000f5580000)
  object space 337408K, 41% used [0x00000000e0000000,0x00000000e8972d40,0x00000000f4980000)
 Metaspace       used 134093K, capacity 140428K, committed 140820K, reserved 1171456K
  class space    used 16843K, capacity 17964K, committed 18236K, reserved 1048576K
}
Event: 11053.632 GC heap before
{Heap before GC invocations=70 (full 5):
 PSYoungGen      total 133120K, used 98976K [0x00000000f5580000, 0x00000000ffc80000, 0x0000000100000000)
  eden space 97280K, 100% used [0x00000000f5580000,0x00000000fb480000,0x00000000fb480000)
  from space 35840K, 4% used [0x00000000fd980000,0x00000000fdb28000,0x00000000ffc80000)
  to   space 36864K, 0% used [0x00000000fb480000,0x00000000fb480000,0x00000000fd880000)
 ParOldGen       total 337408K, used 140747K [0x00000000e0000000, 0x00000000f4980000, 0x00000000f5580000)
  object space 337408K, 41% used [0x00000000e0000000,0x00000000e8972d40,0x00000000f4980000)
 Metaspace       used 134136K, capacity 140436K, committed 140820K, reserved 1171456K
  class space    used 16843K, capacity 17964K, committed 18236K, reserved 1048576K
Event: 11053.639 GC heap after
Heap after GC invocations=70 (full 5):
 PSYoungGen      total 125440K, used 28061K [0x00000000f5580000, 0x0000000100000000, 0x0000000100000000)
  eden space 97280K, 0% used [0x00000000f5580000,0x00000000f5580000,0x00000000fb480000)
  from space 28160K, 99% used [0x00000000fb480000,0x00000000fcfe7558,0x00000000fd000000)
  to   space 40960K, 0% used [0x00000000fd800000,0x00000000fd800000,0x0000000100000000)
 ParOldGen       total 337408K, used 141987K [0x00000000e0000000, 0x00000000f4980000, 0x00000000f5580000)
  object space 337408K, 42% used [0x00000000e0000000,0x00000000e8aa8d40,0x00000000f4980000)
 Metaspace       used 134136K, capacity 140436K, committed 140820K, reserved 1171456K
  class space    used 16843K, capacity 17964K, committed 18236K, reserved 1048576K
}
Event: 11053.954 GC heap before
{Heap before GC invocations=71 (full 5):
 PSYoungGen      total 125440K, used 125341K [0x00000000f5580000, 0x0000000100000000, 0x0000000100000000)
  eden space 97280K, 100% used [0x00000000f5580000,0x00000000fb480000,0x00000000fb480000)
  from space 28160K, 99% used [0x00000000fb480000,0x00000000fcfe7558,0x00000000fd000000)
  to   space 40960K, 0% used [0x00000000fd800000,0x00000000fd800000,0x0000000100000000)
 ParOldGen       total 337408K, used 141987K [0x00000000e0000000, 0x00000000f4980000, 0x00000000f5580000)
  object space 337408K, 42% used [0x00000000e0000000,0x00000000e8aa8d40,0x00000000f4980000)
 Metaspace       used 134182K, capacity 140508K, committed 140820K, reserved 1171456K
  class space    used 16843K, capacity 17964K, committed 18236K, reserved 1048576K
Event: 11053.995 GC heap after
Heap after GC invocations=71 (full 5):
 PSYoungGen      total 99840K, used 40932K [0x00000000f5580000, 0x0000000100000000, 0x0000000100000000)
  eden space 58880K, 0% used [0x00000000f5580000,0x00000000f5580000,0x00000000f8f00000)
  from space 40960K, 99% used [0x00000000fd800000,0x00000000ffff9330,0x0000000100000000)
  to   space 57856K, 0% used [0x00000000f8f00000,0x00000000f8f00000,0x00000000fc780000)
 ParOldGen       total 337408K, used 178460K [0x00000000e0000000, 0x00000000f4980000, 0x00000000f5580000)
  object space 337408K, 52% used [0x00000000e0000000,0x00000000eae471a8,0x00000000f4980000)
 Metaspace       used 134182K, capacity 140508K, committed 140820K, reserved 1171456K
  class space    used 16843K, capacity 17964K, committed 18236K, reserved 1048576K
}
Event: 11054.412 GC heap before
{Heap before GC invocations=72 (full 5):
 PSYoungGen      total 99840K, used 99812K [0x00000000f5580000, 0x0000000100000000, 0x0000000100000000)
  eden space 58880K, 100% used [0x00000000f5580000,0x00000000f8f00000,0x00000000f8f00000)
  from space 40960K, 99% used [0x00000000fd800000,0x00000000ffff9330,0x0000000100000000)
  to   space 57856K, 0% used [0x00000000f8f00000,0x00000000f8f00000,0x00000000fc780000)
 ParOldGen       total 337408K, used 178460K [0x00000000e0000000, 0x00000000f4980000, 0x00000000f5580000)
  object space 337408K, 52% used [0x00000000e0000000,0x00000000eae471a8,0x00000000f4980000)
 Metaspace       used 134241K, capacity 140572K, committed 141076K, reserved 1171456K
  class space    used 16846K, capacity 17964K, committed 18236K, reserved 1048576K
Event: 11054.453 GC heap after
Heap after GC invocations=72 (full 5):
 PSYoungGen      total 116736K, used 22692K [0x00000000f5580000, 0x0000000100000000, 0x0000000100000000)
  eden space 58880K, 0% used [0x00000000f5580000,0x00000000f5580000,0x00000000f8f00000)
  from space 57856K, 39% used [0x00000000f8f00000,0x00000000fa529398,0x00000000fc780000)
  to   space 57856K, 0% used [0x00000000fc780000,0x00000000fc780000,0x0000000100000000)
 ParOldGen       total 337408K, used 219148K [0x00000000e0000000, 0x00000000f4980000, 0x00000000f5580000)
  object space 337408K, 64% used [0x00000000e0000000,0x00000000ed603178,0x00000000f4980000)
 Metaspace       used 134241K, capacity 140572K, committed 141076K, reserved 1171456K
  class space    used 16846K, capacity 17964K, committed 18236K, reserved 1048576K
}

Deoptimization events (10 events):
Event: 11053.803 Thread 0x00000000192d6000 Uncommon trap: reason=unstable_if action=reinterpret pc=0x0000000007b6e278 method=com.android.tools.r8.dex.DexParser.j()Lcom/android/tools/r8/graph/DexValue; @ 47
Event: 11054.028 Thread 0x00000000192cb000 Uncommon trap: reason=unloaded action=reinterpret pc=0x000000000831b1bc method=com.android.tools.r8.code.InstructionFactory.readSequenceFrom(Ljava/nio/ShortBuffer;IILcom/android/tools/r8/graph/OffsetToObjectMapping;)[Lcom/android/tools/r8/code/Instruction
Event: 11054.132 Thread 0x00000000201c0000 Uncommon trap: reason=unstable_if action=reinterpret pc=0x0000000007b84824 method=com.android.tools.r8.dex.Marker.parse(Lcom/android/tools/r8/graph/DexString;)Lcom/android/tools/r8/dex/Marker; @ 18
Event: 11054.250 Thread 0x00000000201c0000 Uncommon trap: reason=unstable_if action=reinterpret pc=0x0000000007af4030 method=java.util.concurrent.ConcurrentHashMap$CollectionView.toArray()[Ljava/lang/Object; @ 51
Event: 11054.253 Thread 0x00000000201c0000 Uncommon trap: reason=class_check action=maybe_recompile pc=0x0000000007b39564 method=com.android.tools.r8.graph.DexItemFactory.a(Ljava/util/Collection;Lcom/android/tools/r8/naming/NamingLens;)V @ 44
Event: 11054.253 Thread 0x00000000201c0000 Uncommon trap: reason=class_check action=maybe_recompile pc=0x0000000007b39564 method=com.android.tools.r8.graph.DexItemFactory.a(Ljava/util/Collection;Lcom/android/tools/r8/naming/NamingLens;)V @ 44
Event: 11054.254 Thread 0x00000000201c0000 Uncommon trap: reason=class_check action=maybe_recompile pc=0x0000000007b39564 method=com.android.tools.r8.graph.DexItemFactory.a(Ljava/util/Collection;Lcom/android/tools/r8/naming/NamingLens;)V @ 44
Event: 11054.254 Thread 0x00000000201c0000 Uncommon trap: reason=class_check action=maybe_recompile pc=0x0000000007b39564 method=com.android.tools.r8.graph.DexItemFactory.a(Ljava/util/Collection;Lcom/android/tools/r8/naming/NamingLens;)V @ 44
Event: 11054.279 Thread 0x00000000201c0000 Uncommon trap: reason=bimorphic action=maybe_recompile pc=0x000000000782f5bc method=com.android.tools.r8.graph.DexItemFactory.a(Ljava/util/Collection;Lcom/android/tools/r8/naming/NamingLens;)V @ 52
Event: 11054.312 Thread 0x00000000201c0000 Uncommon trap: reason=bimorphic action=maybe_recompile pc=0x000000000782f5bc method=com.android.tools.r8.graph.DexItemFactory.a(Ljava/util/Collection;Lcom/android/tools/r8/naming/NamingLens;)V @ 52

Classes redefined (0 events):
No events

Internal exceptions (10 events):
Event: 11050.822 Thread 0x000000002a69e000 Exception <a 'java/lang/NoSuchMethodError': <clinit>> (0x00000000f9c9bb70) thrown at [D:\src\AOSP-openjdk-cygwin\jdk8u\hotspot\src\share\vm\prims\jni.cpp, line 1614]
Event: 11051.069 Thread 0x0000000023f71800 Exception <a 'sun/nio/fs/WindowsException'> (0x00000000f7958648) thrown at [D:\src\AOSP-openjdk-cygwin\jdk8u\hotspot\src\share\vm\prims\jni.cpp, line 710]
Event: 11051.136 Thread 0x00000000201c0000 Implicit null exception at 0x0000000007702a0f to 0x0000000007702b71
Event: 11051.220 Thread 0x000000001edda800 Implicit null exception at 0x00000000048d98af to 0x00000000048d99ad
Event: 11051.220 Thread 0x00000000192d1800 Implicit null exception at 0x00000000048d98af to 0x00000000048d99ad
Event: 11051.220 Thread 0x00000000192cf000 Implicit null exception at 0x00000000048d98af to 0x00000000048d99ad
Event: 11051.487 Thread 0x00000000192cd800 Exception <a 'sun/nio/fs/WindowsException'> (0x00000000f9cda860) thrown at [D:\src\AOSP-openjdk-cygwin\jdk8u\hotspot\src\share\vm\prims\jni.cpp, line 710]
Event: 11053.206 Thread 0x00000000239bf000 Exception <a 'sun/nio/fs/WindowsException'> (0x00000000f839edc0) thrown at [D:\src\AOSP-openjdk-cygwin\jdk8u\hotspot\src\share\vm\prims\jni.cpp, line 710]
Event: 11053.588 Thread 0x00000000201c0000 Exception <a 'sun/nio/fs/WindowsException'> (0x00000000f93dd0d0) thrown at [D:\src\AOSP-openjdk-cygwin\jdk8u\hotspot\src\share\vm\prims\jni.cpp, line 710]
Event: 11054.250 Thread 0x00000000201c0000 Implicit null exception at 0x0000000007af3db4 to 0x0000000007af4001

Events (10 events):
Event: 11054.557 Thread 0x00000000201c0000 DEOPT PACKING pc=0x00000000080feaa4 sp=0x000000004157daf0
Event: 11054.557 Thread 0x00000000201c0000 DEOPT UNPACKING pc=0x0000000002b471d0 sp=0x000000004157d908 mode 0
Event: 11054.561 Thread 0x00000000201c0000 DEOPT PACKING pc=0x00000000080feaa4 sp=0x000000004157daf0
Event: 11054.561 Thread 0x00000000201c0000 DEOPT UNPACKING pc=0x0000000002b471d0 sp=0x000000004157d908 mode 0
Event: 11054.564 Thread 0x00000000201c0000 DEOPT PACKING pc=0x00000000080feaa4 sp=0x000000004157daf0
Event: 11054.564 Thread 0x00000000201c0000 DEOPT UNPACKING pc=0x0000000002b471d0 sp=0x000000004157d908 mode 0
Event: 11054.569 Thread 0x00000000201c0000 DEOPT PACKING pc=0x00000000080feaa4 sp=0x000000004157daf0
Event: 11054.569 Thread 0x00000000201c0000 DEOPT UNPACKING pc=0x0000000002b471d0 sp=0x000000004157d908 mode 0
Event: 11054.572 Thread 0x00000000201c0000 DEOPT PACKING pc=0x00000000080feaa4 sp=0x000000004157daf0
Event: 11054.572 Thread 0x00000000201c0000 DEOPT UNPACKING pc=0x0000000002b471d0 sp=0x000000004157d908 mode 0


Dynamic libraries:
0x00007ff6845c0000 - 0x00007ff6845f1000 	C:\Program Files\Android\Android Studio\jre\bin\java.exe
0x00007ffae3880000 - 0x00007ffae3a6d000 	C:\Windows\SYSTEM32\ntdll.dll
0x00007ffac8ff0000 - 0x00007ffac9004000 	C:\Program Files\AVAST Software\Avast\aswhook.dll
0x00007ffae3790000 - 0x00007ffae3843000 	C:\Windows\System32\KERNEL32.DLL
0x00007ffae02f0000 - 0x00007ffae0583000 	C:\Windows\System32\KERNELBASE.dll
0x00007ffae0b50000 - 0x00007ffae0bf3000 	C:\Windows\System32\ADVAPI32.dll
0x00007ffae0aa0000 - 0x00007ffae0b3e000 	C:\Windows\System32\msvcrt.dll
0x00007ffae34c0000 - 0x00007ffae355e000 	C:\Windows\System32\sechost.dll
0x00007ffae32e0000 - 0x00007ffae3402000 	C:\Windows\System32\RPCRT4.dll
0x00007ffae2ee0000 - 0x00007ffae3077000 	C:\Windows\System32\USER32.dll
0x00007ffae0750000 - 0x00007ffae0770000 	C:\Windows\System32\win32u.dll
0x00007ffae3250000 - 0x00007ffae3279000 	C:\Windows\System32\GDI32.dll
0x00007ffae05b0000 - 0x00007ffae0749000 	C:\Windows\System32\gdi32full.dll
0x00007ffae0950000 - 0x00007ffae09f0000 	C:\Windows\System32\msvcp_win.dll
0x00007ffae07d0000 - 0x00007ffae08ca000 	C:\Windows\System32\ucrtbase.dll
0x00007ffad0360000 - 0x00007ffad05d9000 	C:\Windows\WinSxS\amd64_microsoft.windows.common-controls_6595b64144ccf1df_6.0.17763.864_none_05b3441807210760\COMCTL32.dll
0x00007ffae2a10000 - 0x00007ffae2d3c000 	C:\Windows\System32\combase.dll
0x00007ffae0270000 - 0x00007ffae02ee000 	C:\Windows\System32\bcryptPrimitives.dll
0x00007ffae2880000 - 0x00007ffae28ae000 	C:\Windows\System32\IMM32.DLL
0x000000005fbc0000 - 0x000000005fc92000 	C:\Program Files\Android\Android Studio\jre\jre\bin\msvcr100.dll
0x000000005fca0000 - 0x00000000604e6000 	C:\Program Files\Android\Android Studio\jre\jre\bin\server\jvm.dll
0x00007ffae3630000 - 0x00007ffae3638000 	C:\Windows\System32\PSAPI.DLL
0x00007ffad3f60000 - 0x00007ffad3f69000 	C:\Windows\SYSTEM32\WSOCK32.dll
0x00007ffae2d40000 - 0x00007ffae2dad000 	C:\Windows\System32\WS2_32.dll
0x00007ffaddba0000 - 0x00007ffaddbc4000 	C:\Windows\SYSTEM32\WINMM.dll
0x00007ffada000000 - 0x00007ffada00a000 	C:\Windows\SYSTEM32\VERSION.dll
0x00007ffaddb40000 - 0x00007ffaddb6d000 	C:\Windows\SYSTEM32\WINMMBASE.dll
0x00007ffae08d0000 - 0x00007ffae091a000 	C:\Windows\System32\cfgmgr32.dll
0x00007ffaddca0000 - 0x00007ffaddcaf000 	C:\Program Files\Android\Android Studio\jre\jre\bin\verify.dll
0x00007ffad9cb0000 - 0x00007ffad9cd9000 	C:\Program Files\Android\Android Studio\jre\jre\bin\java.dll
0x00007ffad9c90000 - 0x00007ffad9ca6000 	C:\Program Files\Android\Android Studio\jre\jre\bin\zip.dll
0x00007ffae0cb0000 - 0x00007ffae21a4000 	C:\Windows\System32\SHELL32.dll
0x00007ffae3410000 - 0x00007ffae34b8000 	C:\Windows\System32\shcore.dll
0x00007ffadfb20000 - 0x00007ffae026d000 	C:\Windows\System32\windows.storage.dll
0x00007ffadf870000 - 0x00007ffadf894000 	C:\Windows\System32\profapi.dll
0x00007ffadf8a0000 - 0x00007ffadf8fd000 	C:\Windows\System32\powrprof.dll
0x00007ffae36d0000 - 0x00007ffae3722000 	C:\Windows\System32\shlwapi.dll
0x00007ffadf900000 - 0x00007ffadf911000 	C:\Windows\System32\kernel.appcore.dll
0x00007ffae0590000 - 0x00007ffae05a7000 	C:\Windows\System32\cryptsp.dll
0x00007ffad6250000 - 0x00007ffad626a000 	C:\Program Files\Android\Android Studio\jre\jre\bin\net.dll
0x00007ffadf030000 - 0x00007ffadf097000 	C:\Windows\system32\mswsock.dll
0x00007ffad2400000 - 0x00007ffad2411000 	C:\Program Files\Android\Android Studio\jre\jre\bin\nio.dll
0x00007ffaccf70000 - 0x00007ffaccf96000 	C:\Users\RYZEN\.gradle\native\29\windows-amd64\native-platform.dll
0x00007ffad0630000 - 0x00007ffad063d000 	C:\Program Files\Android\Android Studio\jre\jre\bin\management.dll
0x00007ffadebc0000 - 0x00007ffadebf3000 	C:\Windows\system32\rsaenh.dll
0x00007ffae0920000 - 0x00007ffae0946000 	C:\Windows\System32\bcrypt.dll
0x00007ffadf770000 - 0x00007ffadf798000 	C:\Windows\SYSTEM32\USERENV.dll
0x00007ffadf1b0000 - 0x00007ffadf1bc000 	C:\Windows\SYSTEM32\CRYPTBASE.dll
0x00007ffaded60000 - 0x00007ffaded9d000 	C:\Windows\SYSTEM32\IPHLPAPI.DLL
0x00007ffae0b40000 - 0x00007ffae0b48000 	C:\Windows\System32\NSI.dll
0x00007ffada690000 - 0x00007ffada6a6000 	C:\Windows\SYSTEM32\dhcpcsvc6.DLL
0x00007ffada420000 - 0x00007ffada43c000 	C:\Windows\SYSTEM32\dhcpcsvc.DLL
0x00007ffadeda0000 - 0x00007ffadee66000 	C:\Windows\SYSTEM32\DNSAPI.dll
0x00007fface970000 - 0x00007fface994000 	C:\Program Files\Android\Android Studio\jre\jre\bin\sunec.dll
0x00007ffad7320000 - 0x00007ffad732a000 	C:\Windows\System32\rasadhlp.dll
0x00007ffad8140000 - 0x00007ffad81b9000 	C:\Windows\System32\fwpuclnt.dll
0x00007fface960000 - 0x00007fface96b000 	C:\Program Files\Android\Android Studio\jre\jre\bin\sunmscapi.dll
0x00007ffadf940000 - 0x00007ffadfb1b000 	C:\Windows\System32\CRYPT32.dll
0x00007ffadf920000 - 0x00007ffadf932000 	C:\Windows\System32\MSASN1.dll
0x00007ffaa5bd0000 - 0x00007ffaa5d6c000 	C:\Program Files\Android\Android Studio\jre\jre\bin\awt.dll
0x00007ffae3560000 - 0x00007ffae3624000 	C:\Windows\System32\OLEAUT32.dll
0x00007ffade150000 - 0x00007ffade17e000 	C:\Windows\SYSTEM32\dwmapi.dll
0x00007ffadcd90000 - 0x00007ffadd34e000 	C:\Windows\SYSTEM32\d2d1.dll
0x00007ffaddd50000 - 0x00007ffaddddc000 	C:\Windows\SYSTEM32\apphelp.dll
0x00007ffadde20000 - 0x00007ffaddebc000 	C:\Windows\system32\uxtheme.dll
0x00007ffacdf90000 - 0x00007ffacdfae000 	C:\Users\RYZEN\AppData\Local\Temp\native-platform6358190280175040756dir\native-platform.dll

VM Arguments:
jvm_args: -XX:MaxMetaspaceSize=256m -XX:+HeapDumpOnOutOfMemoryError -Xms256m -Xmx512m -Dfile.encoding=windows-1252 -Duser.country=GB -Duser.language=en -Duser.variant 
java_command: org.gradle.launcher.daemon.bootstrap.GradleDaemon 5.4.1
java_class_path (initial): C:\Users\RYZEN\.gradle\wrapper\dists\gradle-5.4.1-all\3221gyojl5jsh0helicew7rwx\gradle-5.4.1\lib\gradle-launcher-5.4.1.jar
Launcher Type: SUN_STANDARD

Environment Variables:
PATH=C:\Windows\system32;C:\Windows;C:\Windows\System32\Wbem;C:\Windows\System32\WindowsPowerShell\v1.0\;C:\Windows\System32\OpenSSH\;C:\Program Files\Git\cmd;C:\Program Files\Git\mingw64\bin;C:\Program Files\Git\usr\bin;C:\Users\RYZEN\AppData\Local\Programs\Python\Python38-32\Scripts\;C:\Users\RYZEN\AppData\Local\Programs\Python\Python38-32\;C:\Users\RYZEN\AppData\Local\Microsoft\WindowsApps;C:\Users\RYZEN\AppData\Local\GitHubDesktop\bin
USERNAME=RYZEN
OS=Windows_NT
PROCESSOR_IDENTIFIER=AMD64 Family 23 Model 8 Stepping 2, AuthenticAMD



---------------  S Y S T E M  ---------------

OS: Windows 10.0 , 64 bit Build 17763 (10.0.17763.475)

CPU:total 16 (initial active 16) (16 cores per cpu, 1 threads per core) family 23 model 8 stepping 2, cmov, cx8, fxsr, mmx, sse, sse2, sse3, ssse3, sse4.1, sse4.2, popcnt, avx, avx2, aes, clmul, mmxext, 3dnowpref, lzcnt, sse4a, tsc, tscinvbit, tscinv, bmi1

Memory: 4k page, physical 16726152k(3838544k free), swap 16726152k(6188k free)

vm_info: OpenJDK 64-Bit Server VM (25.202-b03) for windows-amd64 JRE (1.8.0_202-release-1483-b03), built by "builder" with MS VC++ 10.0 (VS2010)

time: Tue Nov 26 19:48:35 2019
timezone: Central Europe Standard Time
elapsed time: 11054 seconds (0d 3h 4m 14s)

