#
# There is insufficient memory for the Java Runtime Environment to continue.
# Native memory allocation (malloc) failed to allocate 786256 bytes for Chunk::new
# Possible reasons:
#   The system is out of physical RAM or swap space
#   The process is running with CompressedOops enabled, and the Java Heap may be blocking the growth of the native heap
# Possible solutions:
#   Reduce memory load on the system
#   Increase physical memory or swap space
#   Check if swap backing store is full
#   Decrease Java heap size (-Xmx/-Xms)
#   Decrease number of Java threads
#   Decrease Java thread stack sizes (-Xss)
#   Set larger code cache with -XX:ReservedCodeCacheSize=
#   JVM is running with Unscaled Compressed Oops mode in which the Java heap is
#     placed in the first 4GB address space. The Java Heap base address is the
#     maximum limit for the native heap growth. Please use -XX:HeapBaseMinAddress
#     to set the Java Heap base and to place the Java Heap above 4GB virtual address.
# This output file may be truncated or incomplete.
#
#  Out of Memory Error (allocation.cpp:389), pid=16300, tid=0x0000000000003af0
#
# JRE version: OpenJDK Runtime Environment (8.0_202-b03) (build 1.8.0_202-release-1483-b03)
# Java VM: OpenJDK 64-Bit Server VM (25.202-b03 mixed mode windows-amd64 compressed oops)
# Failed to write core dump. Minidumps are not enabled by default on client versions of Windows
#

---------------  T H R E A D  ---------------

Current thread (0x0000000015bbd000):  JavaThread "C2 CompilerThread7" daemon [_thread_in_native, id=15088, stack(0x0000000017ec0000,0x0000000017fc0000)]

Stack: [0x0000000017ec0000,0x0000000017fc0000]
[error occurred during error reporting (printing stack bounds), id 0xc0000005]

Native frames: (J=compiled Java code, j=interpreted, Vv=VM code, C=native code)


Current CompileTask:
C2:  10312 11465       4       com.android.utils.XmlUtils::append (639 bytes)


---------------  P R O C E S S  ---------------

Java Threads: ( => current thread )
  0x0000000026929000 JavaThread "stdout" [_thread_blocked, id=15148, stack(0x000000002b520000,0x000000002b620000)]
  0x0000000026925800 JavaThread "stderr" [_thread_blocked, id=3460, stack(0x000000002b420000,0x000000002b520000)]
  0x0000000026927000 JavaThread "stdout" [_thread_blocked, id=3344, stack(0x000000002b320000,0x000000002b420000)]
  0x0000000019d60000 JavaThread "stderr" [_thread_in_vm, id=7992, stack(0x000000002b220000,0x000000002b320000)]
  0x0000000020fb0000 JavaThread "stdout" [_thread_in_native, id=7008, stack(0x000000002b120000,0x000000002b220000)]
  0x00000000212c9000 JavaThread "stderr" [_thread_in_native, id=12352, stack(0x000000002b020000,0x000000002b120000)]
  0x00000000212c7800 JavaThread "stdout" [_thread_in_native, id=6132, stack(0x000000002af20000,0x000000002b020000)]
  0x00000000212c6000 JavaThread "stderr" [_thread_in_native, id=14020, stack(0x000000002ae20000,0x000000002af20000)]
  0x00000000212c6800 JavaThread "stdout" [_thread_blocked, id=15444, stack(0x000000002ad20000,0x000000002ae20000)]
  0x00000000212c5000 JavaThread "stderr" [_thread_blocked, id=5448, stack(0x000000002ac20000,0x000000002ad20000)]
  0x00000000212c4800 JavaThread "stdout" [_thread_in_native, id=9340, stack(0x000000002ab20000,0x000000002ac20000)]
  0x00000000212c8000 JavaThread "stderr" [_thread_in_native, id=11140, stack(0x000000002aa20000,0x000000002ab20000)]
  0x00000000212c3800 JavaThread "pool-2-thread-1" [_thread_blocked, id=13144, stack(0x0000000029920000,0x0000000029a20000)]
  0x00000000212bb800 JavaThread "MarlinRenderer Disposer" daemon [_thread_blocked, id=10616, stack(0x0000000028200000,0x0000000028300000)]
  0x00000000212c2000 JavaThread "WorkerExecutor Queue Thread 16" [_thread_blocked, id=15684, stack(0x0000000028100000,0x0000000028200000)]
  0x00000000212c1800 JavaThread "WorkerExecutor Queue Thread 15" [_thread_blocked, id=15468, stack(0x0000000027ee0000,0x0000000027fe0000)]
  0x00000000212ba000 JavaThread "WorkerExecutor Queue Thread 14" [_thread_blocked, id=12540, stack(0x0000000027de0000,0x0000000027ee0000)]
  0x00000000212c0800 JavaThread "Java2D Disposer" daemon [_thread_blocked, id=15680, stack(0x0000000027ce0000,0x0000000027de0000)]
  0x00000000212bd800 JavaThread "WorkerExecutor Queue Thread 13" [_thread_blocked, id=10060, stack(0x0000000027be0000,0x0000000027ce0000)]
  0x00000000212c0000 JavaThread "WorkerExecutor Queue Thread 12" [_thread_blocked, id=8624, stack(0x0000000027ae0000,0x0000000027be0000)]
  0x00000000212be800 JavaThread "WorkerExecutor Queue Thread 11" [_thread_blocked, id=15584, stack(0x00000000279e0000,0x0000000027ae0000)]
  0x00000000212ba800 JavaThread "WorkerExecutor Queue Thread 10" [_thread_blocked, id=6632, stack(0x00000000278e0000,0x00000000279e0000)]
  0x00000000212bd000 JavaThread "WorkerExecutor Queue Thread 9" [_thread_blocked, id=15528, stack(0x00000000277e0000,0x00000000278e0000)]
  0x00000000212bc000 JavaThread "WorkerExecutor Queue Thread 8" [_thread_in_vm, id=12704, stack(0x00000000276e0000,0x00000000277e0000)]
  0x00000000212bf000 JavaThread "WorkerExecutor Queue Thread 7" [_thread_blocked, id=5220, stack(0x00000000273e0000,0x00000000274e0000)]
  0x0000000019d64000 JavaThread "WorkerExecutor Queue Thread 6" [_thread_blocked, id=7420, stack(0x00000000272e0000,0x00000000273e0000)]
  0x0000000019d63800 JavaThread "WorkerExecutor Queue Thread 5" [_thread_blocked, id=12052, stack(0x00000000271e0000,0x00000000272e0000)]
  0x0000000019d62000 JavaThread "WorkerExecutor Queue Thread 4" [_thread_blocked, id=8420, stack(0x00000000270e0000,0x00000000271e0000)]
  0x0000000019d5f800 JavaThread "WorkerExecutor Queue Thread 3" [_thread_blocked, id=14276, stack(0x0000000026fe0000,0x00000000270e0000)]
  0x0000000019d5e800 JavaThread "WorkerExecutor Queue Thread 2" [_thread_blocked, id=12484, stack(0x0000000026ee0000,0x0000000026fe0000)]
  0x0000000019d61000 JavaThread "WorkerExecutor Queue" [_thread_blocked, id=15028, stack(0x0000000026de0000,0x0000000026ee0000)]
  0x0000000020faa000 JavaThread "Cache worker for execution history cache (G:\Users\Volks\Desktop\Android2\NewAndroid\QuoteAppMvvm\.gradle\5.4.1\executionHistory)" [_thread_blocked, id=10104, stack(0x0000000026ae0000,0x0000000026be0000)]
  0x0000000020faf000 JavaThread "Execution worker for ':' Thread 15" [_thread_blocked, id=15220, stack(0x0000000025810000,0x0000000025910000)]
  0x0000000020fad000 JavaThread "Execution worker for ':' Thread 14" [_thread_blocked, id=7252, stack(0x0000000025710000,0x0000000025810000)]
  0x0000000020fab800 JavaThread "Execution worker for ':' Thread 13" [_thread_blocked, id=2976, stack(0x0000000025610000,0x0000000025710000)]
  0x0000000020fac000 JavaThread "Execution worker for ':' Thread 12" [_thread_blocked, id=3348, stack(0x0000000025510000,0x0000000025610000)]
  0x0000000020fad800 JavaThread "Execution worker for ':' Thread 11" [_thread_blocked, id=12556, stack(0x0000000025410000,0x0000000025510000)]
  0x0000000020fa7800 JavaThread "Execution worker for ':' Thread 10" [_thread_blocked, id=1840, stack(0x0000000025310000,0x0000000025410000)]
  0x0000000020fae800 JavaThread "Execution worker for ':' Thread 9" [_thread_blocked, id=6888, stack(0x0000000025210000,0x0000000025310000)]
  0x0000000020fa1800 JavaThread "Execution worker for ':' Thread 8" [_thread_blocked, id=1988, stack(0x0000000025110000,0x0000000025210000)]
  0x0000000020fa6800 JavaThread "Execution worker for ':' Thread 7" [_thread_in_Java, id=2132, stack(0x0000000025010000,0x0000000025110000)]
  0x0000000020fa6000 JavaThread "Execution worker for ':' Thread 6" [_thread_blocked, id=5884, stack(0x0000000024f10000,0x0000000025010000)]
  0x0000000020fa5000 JavaThread "Execution worker for ':' Thread 5" [_thread_blocked, id=7684, stack(0x0000000024e10000,0x0000000024f10000)]
  0x0000000020fa4800 JavaThread "Execution worker for ':' Thread 4" [_thread_blocked, id=4140, stack(0x0000000024d10000,0x0000000024e10000)]
  0x0000000020fa8800 JavaThread "Execution worker for ':' Thread 3" [_thread_blocked, id=12096, stack(0x0000000024c10000,0x0000000024d10000)]
  0x0000000020fa0800 JavaThread "Execution worker for ':' Thread 2" [_thread_blocked, id=8584, stack(0x0000000024b10000,0x0000000024c10000)]
  0x0000000020fa3800 JavaThread "Execution worker for ':'" [_thread_blocked, id=13332, stack(0x0000000024a10000,0x0000000024b10000)]
  0x0000000020fa3000 JavaThread "Cache worker for file content cache (G:\Users\Volks\Desktop\Android2\NewAndroid\QuoteAppMvvm\.gradle\5.4.1\fileContent)" [_thread_blocked, id=6268, stack(0x0000000024510000,0x0000000024610000)]
  0x0000000020fa2000 JavaThread "Cache worker for file content cache (C:\Users\RYZEN\.gradle\caches\5.4.1\fileContent)" [_thread_blocked, id=14748, stack(0x0000000024410000,0x0000000024510000)]
  0x000000001e4c6800 JavaThread "Memory manager" [_thread_blocked, id=12048, stack(0x0000000024110000,0x0000000024210000)]
  0x000000001e4bf800 JavaThread "Cache worker for Build Output Cleanup Cache (G:\Users\Volks\Desktop\Android2\NewAndroid\QuoteAppMvvm\.gradle\buildOutputCleanup)" [_thread_blocked, id=13748, stack(0x0000000023410000,0x0000000023510000)]
  0x000000001e4c4000 JavaThread "pool-1-thread-1" [_thread_blocked, id=7308, stack(0x0000000023110000,0x0000000023210000)]
  0x000000001e4c5000 JavaThread "Build operations Thread 16" [_thread_blocked, id=13768, stack(0x0000000022c10000,0x0000000022d10000)]
  0x000000001e4c1000 JavaThread "Build operations Thread 15" [_thread_blocked, id=12780, stack(0x0000000022b10000,0x0000000022c10000)]
  0x000000001e4c5800 JavaThread "Build operations Thread 14" [_thread_blocked, id=14104, stack(0x0000000022a10000,0x0000000022b10000)]
  0x000000001e4c3800 JavaThread "Build operations Thread 13" [_thread_blocked, id=3376, stack(0x0000000022910000,0x0000000022a10000)]
  0x000000001e4c2800 JavaThread "Build operations Thread 12" [_thread_blocked, id=13584, stack(0x0000000022810000,0x0000000022910000)]
  0x000000001e4c2000 JavaThread "Build operations Thread 11" [_thread_blocked, id=8892, stack(0x0000000022710000,0x0000000022810000)]
  0x000000001e4b7800 JavaThread "Build operations Thread 10" [_thread_blocked, id=8508, stack(0x0000000022610000,0x0000000022710000)]
  0x000000001e4bd800 JavaThread "Build operations Thread 9" [_thread_blocked, id=14068, stack(0x0000000022510000,0x0000000022610000)]
  0x000000001e4b9800 JavaThread "Build operations Thread 8" [_thread_blocked, id=14800, stack(0x0000000022410000,0x0000000022510000)]
  0x000000001e4bc800 JavaThread "Build operations Thread 7" [_thread_blocked, id=8844, stack(0x0000000022310000,0x0000000022410000)]
  0x000000001e4ba800 JavaThread "Build operations Thread 6" [_thread_blocked, id=15108, stack(0x0000000022210000,0x0000000022310000)]
  0x000000001e4be000 JavaThread "Build operations Thread 5" [_thread_blocked, id=3184, stack(0x0000000022110000,0x0000000022210000)]
  0x000000001e4bc000 JavaThread "Build operations Thread 4" [_thread_blocked, id=10412, stack(0x0000000022010000,0x0000000022110000)]
  0x000000001e4bb000 JavaThread "Build operations Thread 3" [_thread_blocked, id=12496, stack(0x0000000021f10000,0x0000000022010000)]
  0x000000001e4b9000 JavaThread "Build operations Thread 2" [_thread_blocked, id=2472, stack(0x0000000021e10000,0x0000000021f10000)]
  0x000000001e4b8000 JavaThread "Build operations" [_thread_blocked, id=12868, stack(0x0000000021950000,0x0000000021a50000)]
  0x000000001c5c5800 JavaThread "Cache worker for execution history cache (C:\Users\RYZEN\.gradle\caches\5.4.1\executionHistory)" [_thread_blocked, id=13736, stack(0x0000000020780000,0x0000000020880000)]
  0x000000001c5c1000 JavaThread "Cache worker for cache directory md-rule (C:\Users\RYZEN\.gradle\caches\5.4.1\md-rule)" [_thread_blocked, id=13732, stack(0x0000000020530000,0x0000000020630000)]
  0x000000001c5c0800 JavaThread "Cache worker for cache directory md-supplier (C:\Users\RYZEN\.gradle\caches\5.4.1\md-supplier)" [_thread_blocked, id=16108, stack(0x0000000020430000,0x0000000020530000)]
  0x0000000015bbb800 JavaThread "Cache worker for file hash cache (G:\Users\Volks\Desktop\Android2\NewAndroid\QuoteAppMvvm\.gradle\5.4.1\fileHashes)" [_thread_blocked, id=15412, stack(0x000000001e760000,0x000000001e860000)]
  0x0000000015bba800 JavaThread "Cache worker for journal cache (C:\Users\RYZEN\.gradle\caches\journal-1)" [_thread_blocked, id=5572, stack(0x000000001b4f0000,0x000000001b5f0000)]
  0x0000000015bba000 JavaThread "File lock request listener" [_thread_in_native, id=12376, stack(0x000000001b1f0000,0x000000001b2f0000)]
  0x0000000019f00800 JavaThread "Cache worker for file hash cache (C:\Users\RYZEN\.gradle\caches\5.4.1\fileHashes)" [_thread_blocked, id=2960, stack(0x000000001b0f0000,0x000000001b1f0000)]
  0x0000000019978800 JavaThread "Thread-9" [_thread_blocked, id=5468, stack(0x000000001aff0000,0x000000001b0f0000)]
  0x0000000019970800 JavaThread "Stdin handler" [_thread_blocked, id=13080, stack(0x000000001aef0000,0x000000001aff0000)]
  0x000000001996e000 JavaThread "Asynchronous log dispatcher for DefaultDaemonConnection: socket connection from /127.0.0.1:52356 to /127.0.0.1:52357" [_thread_blocked, id=5200, stack(0x000000001adf0000,0x000000001aef0000)]
  0x0000000019973000 JavaThread "Daemon worker" [_thread_blocked, id=15596, stack(0x000000001acf0000,0x000000001adf0000)]
  0x0000000019972800 JavaThread "Cancel handler" [_thread_blocked, id=6776, stack(0x000000001abf0000,0x000000001acf0000)]
  0x00000000198fc800 JavaThread "Handler for socket connection from /127.0.0.1:52356 to /127.0.0.1:52357" [_thread_in_native, id=16236, stack(0x000000001a8f0000,0x000000001a9f0000)]
  0x00000000198f5000 JavaThread "Daemon" [_thread_blocked, id=936, stack(0x000000001a7f0000,0x000000001a8f0000)]
  0x000000001983d000 JavaThread "Daemon periodic checks" [_thread_blocked, id=5224, stack(0x000000001a6f0000,0x000000001a7f0000)]
  0x000000001983a800 JavaThread "Incoming local TCP Connector on port 52356" [_thread_in_native, id=3684, stack(0x000000001a4b0000,0x000000001a5b0000)]
  0x0000000019732800 JavaThread "Daemon health stats" [_thread_blocked, id=12112, stack(0x00000000185c0000,0x00000000186c0000)]
  0x0000000015c5b000 JavaThread "Service Thread" daemon [_thread_blocked, id=920, stack(0x00000000183c0000,0x00000000184c0000)]
  0x0000000015bbf000 JavaThread "C1 CompilerThread11" daemon [_thread_blocked, id=32, stack(0x00000000182c0000,0x00000000183c0000)]
  0x0000000015bc0000 JavaThread "C1 CompilerThread10" daemon [_thread_blocked, id=6096, stack(0x00000000181c0000,0x00000000182c0000)]
  0x0000000015bbe800 JavaThread "C1 CompilerThread9" daemon [_thread_blocked, id=15796, stack(0x00000000180c0000,0x00000000181c0000)]
  0x0000000015bbc000 JavaThread "C1 CompilerThread8" daemon [_thread_blocked, id=3584, stack(0x0000000017fc0000,0x00000000180c0000)]
=>0x0000000015bbd000 JavaThread "C2 CompilerThread7" daemon [_thread_in_native, id=15088, stack(0x0000000017ec0000,0x0000000017fc0000)]
  0x0000000015bbd800 JavaThread "C2 CompilerThread6" daemon [_thread_in_native, id=156, stack(0x0000000017dc0000,0x0000000017ec0000)]
  0x0000000015b9e800 JavaThread "C2 CompilerThread5" daemon [_thread_in_native, id=15400, stack(0x0000000017cc0000,0x0000000017dc0000)]
  0x0000000015b81800 JavaThread "C2 CompilerThread4" daemon [_thread_in_native, id=16080, stack(0x0000000017bc0000,0x0000000017cc0000)]
  0x0000000015b79000 JavaThread "C2 CompilerThread3" daemon [_thread_in_native, id=5812, stack(0x0000000017ac0000,0x0000000017bc0000)]
  0x0000000015b6c800 JavaThread "C2 CompilerThread2" daemon [_thread_in_native, id=7024, stack(0x00000000179c0000,0x0000000017ac0000)]
  0x0000000015b6b800 JavaThread "C2 CompilerThread1" daemon [_thread_in_native, id=15424, stack(0x00000000178c0000,0x00000000179c0000)]
  0x0000000015b69000 JavaThread "C2 CompilerThread0" daemon [_thread_in_native, id=12608, stack(0x00000000177c0000,0x00000000178c0000)]
  0x0000000015b67800 JavaThread "Attach Listener" daemon [_thread_blocked, id=5244, stack(0x00000000176c0000,0x00000000177c0000)]
  0x00000000140ee000 JavaThread "Signal Dispatcher" daemon [_thread_blocked, id=7988, stack(0x00000000175c0000,0x00000000176c0000)]
  0x00000000140e2800 JavaThread "Finalizer" daemon [_thread_blocked, id=11984, stack(0x00000000173c0000,0x00000000174c0000)]
  0x0000000015b56000 JavaThread "Reference Handler" daemon [_thread_blocked, id=11380, stack(0x00000000172c0000,0x00000000173c0000)]
  0x000000000226d800 JavaThread "main" [_thread_blocked, id=14332, stack(0x0000000002100000,0x0000000002200000)]

Other Threads:
  0x0000000015b32000 VMThread [stack: 0x00000000171c0000,0x00000000172c0000] [id=6684]
  0x0000000015c5c000 WatcherThread [stack: 0x00000000184c0000,0x00000000185c0000] [id=7548]

VM state:synchronizing (normal execution)

VM Mutex/Monitor currently owned by a thread:  ([mutex/lock_event])
[0x000000000226c880] Safepoint_lock - owner thread: 0x0000000000000000
[0x000000000226c580] Threads_lock - owner thread: 0x0000000015b32000

heap address: 0x00000000e0000000, size: 512 MB, Compressed Oops mode: 32-bit
Narrow klass base: 0x0000000000000000, Narrow klass shift: 3
Compressed class space size: 1073741824 Address: 0x0000000100000000

Heap:
 PSYoungGen      total 139264K, used 18411K [0x00000000f5580000, 0x0000000100000000, 0x0000000100000000)
  eden space 103936K, 2% used [0x00000000f5580000,0x00000000f586d9a0,0x00000000fbb00000)
  from space 35328K, 43% used [0x00000000fbb00000,0x00000000fca0d3c8,0x00000000fdd80000)
  to   space 33792K, 0% used [0x00000000fdf00000,0x00000000fdf00000,0x0000000100000000)
 ParOldGen       total 177664K, used 70021K [0x00000000e0000000, 0x00000000ead80000, 0x00000000f5580000)
  object space 177664K, 39% used [0x00000000e0000000,0x00000000e44614f8,0x00000000ead80000)
 Metaspace       used 71038K, capacity 73934K, committed 74240K, reserved 1114112K
  class space    used 9364K, capacity 9936K, committed 9984K, reserved 1048576K

Card table byte_map: [0x0000000011730000,0x0000000011840000] byte_map_base: 0x0000000011030000

Marking Bits: (ParMarkBitMap*) 0x0000000055539f30
 Begin Bits: [0x00000000125f0000, 0x0000000012df0000)
 End Bits:   [0x0000000012df0000, 0x00000000135f0000)

Polling page: 0x0000000000510000

CodeCache: size=245760Kb used=34454Kb max_used=34454Kb free=211305Kb
 bounds [0x0000000002370000, 0x0000000004540000, 0x0000000011370000]
 total_blobs=10913 nmethods=9984 adapters=837
 compilation: enabled

Compilation events (10 events):
Event: 10.259 Thread 0x0000000015bbc000 nmethod 11520 0x0000000003f6ec90 code [0x0000000003f6ede0, 0x0000000003f6eed0]
Event: 10.259 Thread 0x0000000015bbe800 11523       3       kotlin.collections.CollectionsKt__CollectionsKt::emptyList (7 bytes)
Event: 10.259 Thread 0x0000000015bbe800 nmethod 11523 0x0000000003f6e990 code [0x0000000003f6eae0, 0x0000000003f6ec10]
Event: 10.260 Thread 0x0000000015bbf000 nmethod 11519 0x0000000003f6cf90 code [0x0000000003f6d1e0, 0x0000000003f6e318]
Event: 10.260 Thread 0x0000000015bbc000 11526       3       java.io.ObjectInputStream::readInt (8 bytes)
Event: 10.260 Thread 0x0000000015bbc000 nmethod 11526 0x0000000003f6cbd0 code [0x0000000003f6cd40, 0x0000000003f6cee8]
Event: 10.274 Thread 0x0000000015bc0000 11529       3       java.util.LinkedHashMap::internalWriteEntries (34 bytes)
Event: 10.274 Thread 0x0000000015bc0000 nmethod 11529 0x0000000003ed8850 code [0x0000000003ed89e0, 0x0000000003ed8d78]
Event: 10.275 Thread 0x0000000015bbe800 11531       3       java.util.HashMap::readObject (266 bytes)
Event: 10.278 Thread 0x0000000015bbe800 nmethod 11531 0x0000000003ed50d0 code [0x0000000003ed54e0, 0x0000000003ed7618]

GC Heap History (10 events):
Event: 6.974 GC heap before
{Heap before GC invocations=12 (full 3):
 PSYoungGen      total 144896K, used 130560K [0x00000000f5580000, 0x0000000100000000, 0x0000000100000000)
  eden space 130560K, 100% used [0x00000000f5580000,0x00000000fd500000,0x00000000fd500000)
  from space 14336K, 0% used [0x00000000ff200000,0x00000000ff200000,0x0000000100000000)
  to   space 22016K, 0% used [0x00000000fd500000,0x00000000fd500000,0x00000000fea80000)
 ParOldGen       total 177664K, used 38145K [0x00000000e0000000, 0x00000000ead80000, 0x00000000f5580000)
  object space 177664K, 21% used [0x00000000e0000000,0x00000000e2540578,0x00000000ead80000)
 Metaspace       used 62688K, capacity 65346K, committed 65536K, reserved 1105920K
  class space    used 8452K, capacity 8944K, committed 8960K, reserved 1048576K
Event: 6.983 GC heap after
Heap after GC invocations=12 (full 3):
 PSYoungGen      total 152576K, used 14425K [0x00000000f5580000, 0x0000000100000000, 0x0000000100000000)
  eden space 130560K, 0% used [0x00000000f5580000,0x00000000f5580000,0x00000000fd500000)
  from space 22016K, 65% used [0x00000000fd500000,0x00000000fe3164c0,0x00000000fea80000)
  to   space 22016K, 0% used [0x00000000fea80000,0x00000000fea80000,0x0000000100000000)
 ParOldGen       total 177664K, used 38153K [0x00000000e0000000, 0x00000000ead80000, 0x00000000f5580000)
  object space 177664K, 21% used [0x00000000e0000000,0x00000000e2542578,0x00000000ead80000)
 Metaspace       used 62688K, capacity 65346K, committed 65536K, reserved 1105920K
  class space    used 8452K, capacity 8944K, committed 8960K, reserved 1048576K
}
Event: 8.093 GC heap before
{Heap before GC invocations=13 (full 3):
 PSYoungGen      total 152576K, used 144985K [0x00000000f5580000, 0x0000000100000000, 0x0000000100000000)
  eden space 130560K, 100% used [0x00000000f5580000,0x00000000fd500000,0x00000000fd500000)
  from space 22016K, 65% used [0x00000000fd500000,0x00000000fe3164c0,0x00000000fea80000)
  to   space 22016K, 0% used [0x00000000fea80000,0x00000000fea80000,0x0000000100000000)
 ParOldGen       total 177664K, used 38153K [0x00000000e0000000, 0x00000000ead80000, 0x00000000f5580000)
  object space 177664K, 21% used [0x00000000e0000000,0x00000000e2542578,0x00000000ead80000)
 Metaspace       used 64573K, capacity 67402K, committed 67712K, reserved 1107968K
  class space    used 8678K, capacity 9240K, committed 9344K, reserved 1048576K
Event: 8.103 GC heap after
Heap after GC invocations=13 (full 3):
 PSYoungGen      total 148480K, used 20929K [0x00000000f5580000, 0x0000000100000000, 0x0000000100000000)
  eden space 126464K, 0% used [0x00000000f5580000,0x00000000f5580000,0x00000000fd100000)
  from space 22016K, 95% used [0x00000000fea80000,0x00000000ffef05e0,0x0000000100000000)
  to   space 24064K, 0% used [0x00000000fd100000,0x00000000fd100000,0x00000000fe880000)
 ParOldGen       total 177664K, used 38161K [0x00000000e0000000, 0x00000000ead80000, 0x00000000f5580000)
  object space 177664K, 21% used [0x00000000e0000000,0x00000000e2544578,0x00000000ead80000)
 Metaspace       used 64573K, capacity 67402K, committed 67712K, reserved 1107968K
  class space    used 8678K, capacity 9240K, committed 9344K, reserved 1048576K
}
Event: 8.814 GC heap before
{Heap before GC invocations=14 (full 3):
 PSYoungGen      total 148480K, used 147393K [0x00000000f5580000, 0x0000000100000000, 0x0000000100000000)
  eden space 126464K, 100% used [0x00000000f5580000,0x00000000fd100000,0x00000000fd100000)
  from space 22016K, 95% used [0x00000000fea80000,0x00000000ffef05e0,0x0000000100000000)
  to   space 24064K, 0% used [0x00000000fd100000,0x00000000fd100000,0x00000000fe880000)
 ParOldGen       total 177664K, used 38161K [0x00000000e0000000, 0x00000000ead80000, 0x00000000f5580000)
  object space 177664K, 21% used [0x00000000e0000000,0x00000000e2544578,0x00000000ead80000)
 Metaspace       used 66680K, capacity 69544K, committed 69632K, reserved 1110016K
  class space    used 8860K, capacity 9431K, committed 9472K, reserved 1048576K
Event: 8.832 GC heap after
Heap after GC invocations=14 (full 3):
 PSYoungGen      total 150528K, used 24048K [0x00000000f5580000, 0x0000000100000000, 0x0000000100000000)
  eden space 126464K, 0% used [0x00000000f5580000,0x00000000f5580000,0x00000000fd100000)
  from space 24064K, 99% used [0x00000000fd100000,0x00000000fe87c1a0,0x00000000fe880000)
  to   space 24064K, 0% used [0x00000000fe880000,0x00000000fe880000,0x0000000100000000)
 ParOldGen       total 177664K, used 49630K [0x00000000e0000000, 0x00000000ead80000, 0x00000000f5580000)
  object space 177664K, 27% used [0x00000000e0000000,0x00000000e30778d8,0x00000000ead80000)
 Metaspace       used 66680K, capacity 69544K, committed 69632K, reserved 1110016K
  class space    used 8860K, capacity 9431K, committed 9472K, reserved 1048576K
}
Event: 9.604 GC heap before
{Heap before GC invocations=15 (full 3):
 PSYoungGen      total 150528K, used 150512K [0x00000000f5580000, 0x0000000100000000, 0x0000000100000000)
  eden space 126464K, 100% used [0x00000000f5580000,0x00000000fd100000,0x00000000fd100000)
  from space 24064K, 99% used [0x00000000fd100000,0x00000000fe87c1a0,0x00000000fe880000)
  to   space 24064K, 0% used [0x00000000fe880000,0x00000000fe880000,0x0000000100000000)
 ParOldGen       total 177664K, used 49630K [0x00000000e0000000, 0x00000000ead80000, 0x00000000f5580000)
  object space 177664K, 27% used [0x00000000e0000000,0x00000000e30778d8,0x00000000ead80000)
 Metaspace       used 69968K, capacity 72824K, committed 73088K, reserved 1112064K
  class space    used 9225K, capacity 9793K, committed 9856K, reserved 1048576K
Event: 9.615 GC heap after
Heap after GC invocations=15 (full 3):
 PSYoungGen      total 128000K, used 24050K [0x00000000f5580000, 0x0000000100000000, 0x0000000100000000)
  eden space 103936K, 0% used [0x00000000f5580000,0x00000000f5580000,0x00000000fbb00000)
  from space 24064K, 99% used [0x00000000fe880000,0x00000000ffffca60,0x0000000100000000)
  to   space 35328K, 0% used [0x00000000fbb00000,0x00000000fbb00000,0x00000000fdd80000)
 ParOldGen       total 177664K, used 56093K [0x00000000e0000000, 0x00000000ead80000, 0x00000000f5580000)
  object space 177664K, 31% used [0x00000000e0000000,0x00000000e36c74b0,0x00000000ead80000)
 Metaspace       used 69968K, capacity 72824K, committed 73088K, reserved 1112064K
  class space    used 9225K, capacity 9793K, committed 9856K, reserved 1048576K
}
Event: 10.286 GC heap before
{Heap before GC invocations=16 (full 3):
 PSYoungGen      total 128000K, used 127986K [0x00000000f5580000, 0x0000000100000000, 0x0000000100000000)
  eden space 103936K, 100% used [0x00000000f5580000,0x00000000fbb00000,0x00000000fbb00000)
  from space 24064K, 99% used [0x00000000fe880000,0x00000000ffffca60,0x0000000100000000)
  to   space 35328K, 0% used [0x00000000fbb00000,0x00000000fbb00000,0x00000000fdd80000)
 ParOldGen       total 177664K, used 56093K [0x00000000e0000000, 0x00000000ead80000, 0x00000000f5580000)
  object space 177664K, 31% used [0x00000000e0000000,0x00000000e36c74b0,0x00000000ead80000)
 Metaspace       used 71029K, capacity 73934K, committed 74240K, reserved 1114112K
  class space    used 9362K, capacity 9936K, committed 9984K, reserved 1048576K
Event: 10.309 GC heap after
Heap after GC invocations=16 (full 3):
 PSYoungGen      total 139264K, used 15412K [0x00000000f5580000, 0x0000000100000000, 0x0000000100000000)
  eden space 103936K, 0% used [0x00000000f5580000,0x00000000f5580000,0x00000000fbb00000)
  from space 35328K, 43% used [0x00000000fbb00000,0x00000000fca0d3c8,0x00000000fdd80000)
  to   space 33792K, 0% used [0x00000000fdf00000,0x00000000fdf00000,0x0000000100000000)
 ParOldGen       total 177664K, used 70021K [0x00000000e0000000, 0x00000000ead80000, 0x00000000f5580000)
  object space 177664K, 39% used [0x00000000e0000000,0x00000000e44614f8,0x00000000ead80000)
 Metaspace       used 71029K, capacity 73934K, committed 74240K, reserved 1114112K
  class space    used 9362K, capacity 9936K, committed 9984K, reserved 1048576K
}

Deoptimization events (10 events):
Event: 10.188 Thread 0x0000000020fa6800 Uncommon trap: reason=null_check action=make_not_entrant pc=0x0000000004185304 method=com.sun.org.apache.xerces.internal.dom.NamedNodeMapImpl.findNamePoint(Ljava/lang/String;Ljava/lang/String;)I @ 105
Event: 10.196 Thread 0x0000000020fa6800 Uncommon trap: reason=unstable_if action=reinterpret pc=0x00000000043eed88 method=com.android.utils.XmlUtils.toXmlAttributeValue(Ljava/lang/String;)Ljava/lang/String; @ 33
Event: 10.196 Thread 0x0000000020fa6800 Uncommon trap: reason=unstable_if action=reinterpret pc=0x000000000432a190 method=com.android.utils.XmlUtils.toXmlAttributeValue(Ljava/lang/String;)Ljava/lang/String; @ 33
Event: 10.212 Thread 0x0000000020fa6800 Uncommon trap: reason=unstable_if action=reinterpret pc=0x0000000002fc57a8 method=com.sun.org.apache.xerces.internal.dom.ElementImpl.getTagName()Ljava/lang/String; @ 4
Event: 10.214 Thread 0x0000000020fa6800 Uncommon trap: reason=unstable_if action=reinterpret pc=0x00000000043ea840 method=com.android.utils.XmlUtils.append(Lcom/android/utils/XmlUtils$PositionAwareStringBuilder;Lorg/w3c/dom/Node;Ljava/util/Map;Ljava/util/Set;)V @ 540
Event: 10.215 Thread 0x0000000020fa6800 Uncommon trap: reason=class_check action=maybe_recompile pc=0x000000000406785c method=java.io.Writer.append(Ljava/lang/CharSequence;)Ljava/io/Writer; @ 20
Event: 10.218 Thread 0x0000000020fa6800 Uncommon trap: reason=unstable_if action=reinterpret pc=0x000000000415070c method=sun.nio.cs.UTF_8$Encoder.encodeArrayLoop(Ljava/nio/CharBuffer;Ljava/nio/ByteBuffer;)Ljava/nio/charset/CoderResult; @ 175
Event: 10.236 Thread 0x0000000020fa6800 Uncommon trap: reason=unstable_if action=reinterpret pc=0x000000000439586c method=java.io.ObjectStreamClass.hasWriteReplaceMethod()Z @ 8
Event: 10.310 Thread 0x00000000212bc000 Uncommon trap: reason=class_check action=maybe_recompile pc=0x000000000321dc80 method=java.lang.Throwable.<init>(Ljava/lang/String;Ljava/lang/Throwable;)V @ 24
Event: 10.310 Thread 0x0000000019d61000 Uncommon trap: reason=class_check action=maybe_recompile pc=0x000000000321dc80 method=java.lang.Throwable.<init>(Ljava/lang/String;Ljava/lang/Throwable;)V @ 24

Classes redefined (0 events):
No events

Internal exceptions (10 events):
Event: 9.134 Thread 0x0000000020fa6800 Implicit null exception at 0x0000000002f9867c to 0x0000000002f9871d
Event: 9.165 Thread 0x0000000020fa6800 Implicit null exception at 0x00000000043499fb to 0x000000000434bb19
Event: 9.386 Thread 0x0000000020fa6800 Implicit null exception at 0x0000000002853c56 to 0x0000000002853fdd
Event: 9.476 Thread 0x0000000020fa6800 Implicit null exception at 0x0000000002763456 to 0x00000000027637d9
Event: 9.984 Thread 0x0000000020fa6800 Implicit null exception at 0x00000000038575d0 to 0x0000000003857649
Event: 10.214 Thread 0x0000000020fa6800 Implicit null exception at 0x00000000043ec7f3 to 0x00000000043ea81d
Event: 10.225 Thread 0x0000000020fa6800 Exception <a 'java/lang/NoSuchMethodError': <clinit>> (0x00000000f9fc1380) thrown at [D:\src\AOSP-openjdk-cygwin\jdk8u\hotspot\src\share\vm\prims\jni.cpp, line 1614]
Event: 10.226 Thread 0x0000000020fa6800 Exception <a 'java/lang/NoSuchMethodError': <clinit>> (0x00000000f9fdb3d8) thrown at [D:\src\AOSP-openjdk-cygwin\jdk8u\hotspot\src\share\vm\prims\jni.cpp, line 1614]
Event: 10.226 Thread 0x0000000020fa6800 Exception <a 'java/lang/NoSuchMethodError': <clinit>> (0x00000000f9fe02c0) thrown at [D:\src\AOSP-openjdk-cygwin\jdk8u\hotspot\src\share\vm\prims\jni.cpp, line 1614]
Event: 10.227 Thread 0x0000000020fa6800 Exception <a 'java/lang/NoSuchMethodError': <clinit>> (0x00000000f9ff0990) thrown at [D:\src\AOSP-openjdk-cygwin\jdk8u\hotspot\src\share\vm\prims\jni.cpp, line 1614]

Events (10 events):
Event: 10.310 Thread 0x0000000026929000 Thread added: 0x0000000026929000
Event: 10.310 Thread 0x00000000212bc000 Uncommon trap: trap_request=0xffffffde fr.pc=0x000000000321dc80
Event: 10.310 Thread 0x00000000212bc000 DEOPT PACKING pc=0x000000000321dc80 sp=0x00000000277de230
Event: 10.310 Thread 0x00000000212bc000 DEOPT UNPACKING pc=0x00000000023b557b sp=0x00000000277de200 mode 2
Event: 10.310 loading class com/android/builder/internal/aapt/v2/Aapt2DaemonImpl$AllowShutdown
Event: 10.310 loading class com/android/builder/internal/aapt/v2/Aapt2DaemonImpl$AllowShutdown done
Event: 10.310 Thread 0x0000000019d61000 Uncommon trap: trap_request=0xffffffde fr.pc=0x000000000321dc80
Event: 10.310 Thread 0x0000000019d61000 DEOPT PACKING pc=0x000000000321dc80 sp=0x0000000026ede180
Event: 10.310 Thread 0x0000000019d61000 DEOPT UNPACKING pc=0x00000000023b557b sp=0x0000000026ede150 mode 2
Event: 10.310 Executing VM operation: RevokeBias


Dynamic libraries:
0x00007ff6acac0000 - 0x00007ff6acaf1000 	C:\Program Files\Android\Android Studio\jre\bin\java.exe
0x00007ffde7e60000 - 0x00007ffde804d000 	C:\Windows\SYSTEM32\ntdll.dll
0x00007ffdb19f0000 - 0x00007ffdb1a04000 	C:\Program Files\AVAST Software\Avast\aswhook.dll
0x00007ffde5ee0000 - 0x00007ffde5f93000 	C:\Windows\System32\KERNEL32.DLL
0x00007ffde4910000 - 0x00007ffde4ba3000 	C:\Windows\System32\KERNELBASE.dll
0x00007ffde5650000 - 0x00007ffde56f3000 	C:\Windows\System32\ADVAPI32.dll
0x00007ffde60d0000 - 0x00007ffde616e000 	C:\Windows\System32\msvcrt.dll
0x00007ffde55b0000 - 0x00007ffde564e000 	C:\Windows\System32\sechost.dll
0x00007ffde5fa0000 - 0x00007ffde60c2000 	C:\Windows\System32\RPCRT4.dll
0x00007ffde7770000 - 0x00007ffde7907000 	C:\Windows\System32\USER32.dll
0x00007ffde3f80000 - 0x00007ffde3fa0000 	C:\Windows\System32\win32u.dll
0x00007ffde5410000 - 0x00007ffde5439000 	C:\Windows\System32\GDI32.dll
0x00007ffde4e40000 - 0x00007ffde4fd9000 	C:\Windows\System32\gdi32full.dll
0x00007ffde4fe0000 - 0x00007ffde5080000 	C:\Windows\System32\msvcp_win.dll
0x00007ffde4790000 - 0x00007ffde488a000 	C:\Windows\System32\ucrtbase.dll
0x00007ffdd5610000 - 0x00007ffdd5889000 	C:\Windows\WinSxS\amd64_microsoft.windows.common-controls_6595b64144ccf1df_6.0.17763.864_none_05b3441807210760\COMCTL32.dll
0x00007ffde5810000 - 0x00007ffde5b3c000 	C:\Windows\System32\combase.dll
0x00007ffde4710000 - 0x00007ffde478e000 	C:\Windows\System32\bcryptPrimitives.dll
0x00007ffde7e00000 - 0x00007ffde7e2e000 	C:\Windows\System32\IMM32.DLL
0x0000000054c90000 - 0x0000000054d62000 	C:\Program Files\Android\Android Studio\jre\jre\bin\msvcr100.dll
0x0000000054d70000 - 0x00000000555b6000 	C:\Program Files\Android\Android Studio\jre\jre\bin\server\jvm.dll
0x00007ffde5440000 - 0x00007ffde5448000 	C:\Windows\System32\PSAPI.DLL
0x00007ffdd8250000 - 0x00007ffdd8259000 	C:\Windows\SYSTEM32\WSOCK32.dll
0x00007ffde7910000 - 0x00007ffde797d000 	C:\Windows\System32\WS2_32.dll
0x00007ffde2230000 - 0x00007ffde2254000 	C:\Windows\SYSTEM32\WINMM.dll
0x00007ffdde500000 - 0x00007ffdde50a000 	C:\Windows\SYSTEM32\VERSION.dll
0x00007ffde2150000 - 0x00007ffde217d000 	C:\Windows\SYSTEM32\WINMMBASE.dll
0x00007ffde48c0000 - 0x00007ffde490a000 	C:\Windows\System32\cfgmgr32.dll
0x00007ffde0580000 - 0x00007ffde058f000 	C:\Program Files\Android\Android Studio\jre\jre\bin\verify.dll
0x00007ffdde490000 - 0x00007ffdde4b9000 	C:\Program Files\Android\Android Studio\jre\jre\bin\java.dll
0x00007ffdddec0000 - 0x00007ffddded6000 	C:\Program Files\Android\Android Studio\jre\jre\bin\zip.dll
0x00007ffde6270000 - 0x00007ffde7764000 	C:\Windows\System32\SHELL32.dll
0x00007ffde5b40000 - 0x00007ffde5be8000 	C:\Windows\System32\shcore.dll
0x00007ffde3fa0000 - 0x00007ffde46ed000 	C:\Windows\System32\windows.storage.dll
0x00007ffde3ed0000 - 0x00007ffde3ef4000 	C:\Windows\System32\profapi.dll
0x00007ffde3e50000 - 0x00007ffde3ead000 	C:\Windows\System32\powrprof.dll
0x00007ffde5bf0000 - 0x00007ffde5c42000 	C:\Windows\System32\shlwapi.dll
0x00007ffde3eb0000 - 0x00007ffde3ec1000 	C:\Windows\System32\kernel.appcore.dll
0x00007ffde46f0000 - 0x00007ffde4707000 	C:\Windows\System32\cryptsp.dll
0x00007ffddb380000 - 0x00007ffddb39a000 	C:\Program Files\Android\Android Studio\jre\jre\bin\net.dll
0x00007ffde3610000 - 0x00007ffde3677000 	C:\Windows\system32\mswsock.dll
0x00007ffddae70000 - 0x00007ffddae81000 	C:\Program Files\Android\Android Studio\jre\jre\bin\nio.dll
0x00007ffdd2940000 - 0x00007ffdd2966000 	C:\Users\RYZEN\.gradle\native\29\windows-amd64\native-platform.dll
0x00007ffdde480000 - 0x00007ffdde48d000 	C:\Program Files\Android\Android Studio\jre\jre\bin\management.dll
0x00007ffde31a0000 - 0x00007ffde31d3000 	C:\Windows\system32\rsaenh.dll
0x00007ffde4890000 - 0x00007ffde48b6000 	C:\Windows\System32\bcrypt.dll
0x00007ffde3d80000 - 0x00007ffde3da8000 	C:\Windows\SYSTEM32\USERENV.dll
0x00007ffde3790000 - 0x00007ffde379c000 	C:\Windows\SYSTEM32\CRYPTBASE.dll
0x00007ffde3340000 - 0x00007ffde337d000 	C:\Windows\SYSTEM32\IPHLPAPI.DLL
0x00007ffde5210000 - 0x00007ffde5218000 	C:\Windows\System32\NSI.dll
0x00007ffdde960000 - 0x00007ffdde976000 	C:\Windows\SYSTEM32\dhcpcsvc6.DLL
0x00007ffdde810000 - 0x00007ffdde82c000 	C:\Windows\SYSTEM32\dhcpcsvc.DLL
0x00007ffde3380000 - 0x00007ffde3446000 	C:\Windows\SYSTEM32\DNSAPI.dll
0x00007ffdaa490000 - 0x00007ffdaa62c000 	C:\Program Files\Android\Android Studio\jre\jre\bin\awt.dll
0x00007ffde5c50000 - 0x00007ffde5d14000 	C:\Windows\System32\OLEAUT32.dll
0x00007ffde2730000 - 0x00007ffde275e000 	C:\Windows\SYSTEM32\dwmapi.dll
0x00007ffde4c60000 - 0x00007ffde4e3b000 	C:\Windows\System32\CRYPT32.dll
0x00007ffde3f00000 - 0x00007ffde3f12000 	C:\Windows\System32\MSASN1.dll
0x00007ffde1370000 - 0x00007ffde192e000 	C:\Windows\SYSTEM32\d2d1.dll
0x00007ffde2330000 - 0x00007ffde23bc000 	C:\Windows\SYSTEM32\apphelp.dll
0x00007ffde2400000 - 0x00007ffde249c000 	C:\Windows\system32\uxtheme.dll

VM Arguments:
jvm_args: -XX:MaxMetaspaceSize=256m -XX:+HeapDumpOnOutOfMemoryError -Xms256m -Xmx512m -Dfile.encoding=windows-1252 -Duser.country=GB -Duser.language=en -Duser.variant 
java_command: org.gradle.launcher.daemon.bootstrap.GradleDaemon 5.4.1
java_class_path (initial): C:\Users\RYZEN\.gradle\wrapper\dists\gradle-5.4.1-all\3221gyojl5jsh0helicew7rwx\gradle-5.4.1\lib\gradle-launcher-5.4.1.jar
Launcher Type: SUN_STANDARD

Environment Variables:
PATH=C:\Windows\system32;C:\Windows;C:\Windows\System32\Wbem;C:\Windows\System32\WindowsPowerShell\v1.0\;C:\Windows\System32\OpenSSH\;C:\Program Files\Git\cmd;C:\Program Files\Git\mingw64\bin;C:\Program Files\Git\usr\bin;C:\Users\RYZEN\AppData\Local\Programs\Python\Python38-32\Scripts\;C:\Users\RYZEN\AppData\Local\Programs\Python\Python38-32\;C:\Users\RYZEN\AppData\Local\Microsoft\WindowsApps;C:\Users\RYZEN\AppData\Local\GitHubDesktop\bin
USERNAME=RYZEN
OS=Windows_NT
PROCESSOR_IDENTIFIER=AMD64 Family 23 Model 8 Stepping 2, AuthenticAMD



---------------  S Y S T E M  ---------------

OS: Windows 10.0 , 64 bit Build 17763 (10.0.17763.475)

CPU:total 16 (initial active 16) (16 cores per cpu, 1 threads per core) family 23 model 8 stepping 2, cmov, cx8, fxsr, mmx, sse, sse2, sse3, ssse3, sse4.1, sse4.2, popcnt, avx, avx2, aes, clmul, mmxext, 3dnowpref, lzcnt, sse4a, tsc, tscinvbit, tscinv, bmi1

Memory: 4k page, physical 16726152k(3111392k free), swap 16726152k(5432k free)

vm_info: OpenJDK 64-Bit Server VM (25.202-b03) for windows-amd64 JRE (1.8.0_202-release-1483-b03), built by "builder" with MS VC++ 10.0 (VS2010)

time: Tue Dec 10 16:22:34 2019
timezone: Central Europe Standard Time
elapsed time: 10 seconds (0d 0h 0m 10s)

